+5.9858 
+5.9876 
+5.9849 
+0.0012 
-0.0008 
+5.9880 
+25.0010 
-0.0023 
+5.9869 
+50.0017 
-0.0012 
+5.9874 
-0.0002 
-24.9964 
+5.9832 
+49.9969 
-24.9980 
+5.9876 
-0.0039 
-49.9938 
+5.9848 
+24.9962 
-49.9945 
+5.9854 
+49.9932 
-49.9952 
+5.9921 
+0.0031 
+0.0002 
+5.9916 
+25.0018 
-0.0018 
+5.9919 
+50.0026 
-0.0004 
+5.9917 
-0.0004 
-24.9951 
+5.9897 
+49.9987 
-24.9966 
+5.9919 
-0.0012 
-49.9940 
+5.9909 
+24.9976 
-49.9934 
+5.9905 
+49.9958 
-49.9955 
+5.9957 
+0.0007 
+0.0000 
+5.9952 
+25.0021 
-0.0011 
+5.9944 
+50.0029 
-0.0008 
+5.9948 
-0.0010 
-24.9960 
+5.9939 
+49.9999 
-24.9983 
+5.9953 
-0.0020 
-49.9950 
+5.9954 
+24.9979 
-49.9955 
+5.9951 
+49.9972 
-49.9973 
+1.9960 
+14.0005 
-16.9956 
+1.9963 
+22.0032 
+0.0017 
+1.9964 
-0.0001 
-0.0003 
+1.9957 
+11.0012 
-0.0013 
+1.9969 
+22.0038 
+0.0003 
+1.9937 
-0.0002 
-8.0022 
+1.9942 
+11.0002 
-8.0027 
+1.9941 
+22.0018 
-8.0042 
+1.9954 
-0.0025 
-16.0069 
+1.9952 
+10.9983 
-16.0058 
+1.9957 
+22.0006 
-16.0089 
+1.9976 
+0.0004 
+0.0001 
+1.9968 
+11.0015 
-0.0011 
+1.9976 
+22.0036 
-0.0001 
+1.9953 
+0.0010 
-8.0026 
+1.9951 
+11.0002 
-8.0029 
+1.9954 
+22.0023 
-8.0036 
+1.9967 
-0.0013 
-16.0061 
+1.9963 
+10.9991 
-16.0058 
+1.9971 
+22.0013 
-16.0091 
+1.9986 
+0.0012 
-0.0001 
+1.9982 
+11.0020 
-0.0009 
+1.9985 
+22.0036 
-0.0001 
+1.9965 
+0.0015 
-8.0025 
+1.9970 
+11.0005 
-8.0025 
+1.9967 
+22.0022 
-8.0037 
+1.9974 
-0.0010 
-16.0061 
+1.9974 
+10.9994 
-16.0054 
+1.9981 
+21.9993 
-16.0085 
+5.9908 
+1.9964 
+22.0038 
+50.0017 
-0.0008 
+22.0038 
-16.0091 
