+5.9859 
+5.9865 
+5.9874 
+0.0002 
-0.0007 
+5.9888 
+25.0011 
-0.0010 
+5.9912 
+49.9976 
-0.0016 
+5.9852 
+0.0005 
-24.9971 
+5.9845 
+49.9998 
-24.9969 
+5.9894 
-0.0021 
-49.9977 
+5.9881 
+24.9979 
-49.9981 
+5.9871 
+49.9996 
-49.9960 
+5.9922 
-0.0035 
-0.0040 
+5.9920 
+25.0004 
-0.0003 
+5.9928 
+50.0014 
+0.0010 
+5.9914 
+0.0010 
-24.9972 
+5.9898 
+49.9988 
-24.9950 
+5.9937 
+0.0003 
-49.9976 
+5.9915 
+25.0006 
-49.9958 
+5.9905 
+49.9995 
-49.9949 
+5.9955 
+0.0008 
-0.0010 
+5.9955 
+25.0015 
-0.0004 
+5.9946 
+50.0015 
+0.0009 
+5.9941 
+0.0002 
-24.9984 
+5.9938 
+49.9994 
-24.9956 
+5.9961 
+0.0016 
-49.9975 
+5.9962 
+25.0019 
-49.9963 
+5.9949 
+50.0016 
-49.9958 
+1.9966 
+13.9947 
-16.9861 
+1.9960 
+22.0021 
+0.0034 
+1.9968 
-0.0004 
-0.0001 
+1.9951 
+11.0007 
-0.0012 
+1.9963 
+22.0023 
+0.0001 
+1.9938 
+0.0003 
-7.9983 
+1.9929 
+10.9987 
-8.0000 
+1.9941 
+22.0011 
-8.0009 
+1.9914 
-0.0180 
-15.9626 
+1.9959 
+10.9975 
-15.9993 
+1.9960 
+22.0003 
-16.0021 
+1.9974 
-0.0001 
+0.0000 
+1.9965 
+11.0006 
-0.0005 
+1.9975 
+22.0021 
+0.0003 
+1.9950 
+0.0002 
-7.9984 
+1.9948 
+10.9986 
-7.9995 
+1.9954 
+22.0009 
-8.0007 
+1.9926 
-0.0181 
-15.9627 
+1.9966 
+10.9974 
-15.9991 
+1.9970 
+21.9998 
-16.0021 
+1.9983 
-0.0002 
+0.0001 
+1.9977 
+11.0005 
-0.0006 
+1.9984 
+22.0019 
+0.0002 
+1.9962 
-0.0001 
-7.9985 
+1.9969 
+10.9984 
-7.9998 
+1.9966 
+22.0026 
-8.0008 
+1.9933 
-0.0166 
-15.9629 
+1.9976 
+10.9991 
-15.9992 
+1.9980 
+22.0014 
-16.0021 
+5.9915 
+1.9958 
+22.0023 
+49.9998 
-0.0007 
+22.0026 
-16.0021 
