+5.9867 
+5.9859 
+5.9862 
-0.0004 
+0.0000 
+5.9908 
+24.9990 
+0.0001 
+5.9878 
+49.9994 
-0.0003 
+5.9877 
+0.0004 
-24.9990 
+5.9844 
+49.9991 
-25.0002 
+5.9867 
+0.0014 
-50.0021 
+5.9869 
+25.0023 
-50.0007 
+5.9850 
+49.9982 
-49.9996 
+5.9931 
-0.0005 
-0.0004 
+5.9915 
+25.0000 
+0.0001 
+5.9924 
+50.0004 
+0.0008 
+5.9921 
+0.0017 
-24.9995 
+5.9892 
+50.0000 
-24.9990 
+5.9925 
+0.0029 
-50.0005 
+5.9914 
+25.0000 
-49.9997 
+5.9911 
+49.9986 
-49.9996 
+5.9958 
+0.0010 
-0.0002 
+5.9954 
+25.0011 
+0.0002 
+5.9952 
+50.0010 
+0.0003 
+5.9950 
+0.0019 
-24.9999 
+5.9938 
+50.0013 
-24.9993 
+5.9952 
+0.0027 
-50.0004 
+5.9957 
+25.0021 
-49.9996 
+5.9945 
+50.0018 
-49.9995 
+1.9956 
+13.9976 
-17.0006 
+1.9956 
+22.0004 
+0.0021 
+1.9959 
+0.0000 
-0.0003 
+1.9952 
+11.0000 
+0.0001 
+1.9956 
+22.0006 
+0.0001 
+1.9936 
+0.0001 
-7.9994 
+1.9935 
+10.9998 
-7.9997 
+1.9936 
+22.0002 
-7.9998 
+1.9947 
-0.0009 
-15.9998 
+1.9948 
+10.9993 
-16.0000 
+1.9955 
+22.0006 
-16.0004 
+1.9969 
+0.0002 
-0.0001 
+1.9963 
+11.0000 
-0.0001 
+1.9972 
+22.0006 
-0.0001 
+1.9950 
+0.0003 
-7.9997 
+1.9951 
+11.0000 
-8.0002 
+1.9949 
+22.0004 
-8.0002 
+1.9961 
+0.0001 
-16.0000 
+1.9961 
+10.9997 
-16.0001 
+1.9966 
+22.0009 
-16.0005 
+1.9981 
+0.0006 
+0.0001 
+1.9978 
+11.0004 
+0.0002 
+1.9981 
+22.0009 
+0.0003 
+1.9962 
+0.0007 
-7.9995 
+1.9968 
+11.0003 
-7.9998 
+1.9962 
+21.9989 
-8.0000 
+1.9971 
-0.0015 
-15.9997 
+1.9974 
+10.9980 
-15.9999 
+1.9978 
+21.9991 
-16.0002 
+5.9912 
+1.9960 
+22.0006 
+49.9994 
+0.0001 
+22.0009 
-16.0005 
