+5.9861 
+5.9867 
+5.9854 
-0.0002 
-0.0011 
+5.9855 
+24.9980 
-0.0008 
+5.9877 
+50.0009 
-0.0009 
+5.9866 
-0.0009 
-24.9951 
+5.9832 
+49.9974 
-24.9971 
+5.9878 
-0.0022 
-49.9951 
+5.9865 
+24.9971 
-49.9943 
+5.9856 
+49.9957 
-49.9939 
+5.9922 
+0.0002 
-0.0001 
+5.9897 
+25.0003 
+0.0003 
+5.9916 
+50.0013 
+0.0019 
+5.9923 
+0.0003 
-24.9940 
+5.9890 
+49.9981 
-24.9945 
+5.9924 
-0.0005 
-49.9940 
+5.9914 
+24.9991 
-49.9933 
+5.9910 
+49.9951 
-49.9935 
+5.9959 
+0.0002 
+0.0003 
+5.9952 
+25.0010 
-0.0008 
+5.9948 
+50.0019 
+0.0005 
+5.9954 
-0.0011 
-24.9955 
+5.9941 
+49.9995 
-24.9962 
+5.9956 
-0.0015 
-49.9952 
+5.9956 
+24.9983 
-49.9945 
+5.9946 
+49.9980 
-49.9952 
+1.9965 
+13.9961 
-16.9928 
+1.9962 
+22.0040 
+0.0021 
+1.9966 
+0.0000 
+0.0001 
+1.9957 
+11.0018 
-0.0009 
+1.9964 
+22.0041 
+0.0003 
+1.9944 
+0.0002 
-8.0031 
+1.9940 
+11.0008 
-8.0031 
+1.9944 
+22.0028 
-8.0043 
+1.9955 
-0.0024 
-16.0078 
+1.9949 
+10.9993 
-16.0068 
+1.9958 
+22.0020 
-16.0101 
+1.9978 
+0.0003 
-0.0003 
+1.9969 
+11.0020 
-0.0009 
+1.9977 
+22.0045 
+0.0001 
+1.9955 
+0.0010 
-8.0033 
+1.9954 
+11.0009 
-8.0032 
+1.9959 
+22.0035 
-8.0042 
+1.9970 
-0.0014 
-16.0078 
+1.9963 
+10.9998 
-16.0066 
+1.9973 
+22.0025 
-16.0095 
+1.9986 
+0.0008 
-0.0003 
+1.9981 
+11.0023 
-0.0009 
+1.9988 
+22.0044 
+0.0003 
+1.9966 
+0.0013 
-8.0030 
+1.9973 
+11.0009 
-8.0031 
+1.9969 
+22.0034 
-8.0040 
+1.9977 
-0.0008 
-16.0072 
+1.9973 
+11.0001 
-16.0063 
+1.9982 
+22.0024 
-16.0092 
+5.9908 
+1.9966 
+22.0041 
+50.0009 
-0.0008 
+22.0045 
-16.0101 
