+5.9866 
+5.9894 
+5.9876 
+0.0008 
+0.0002 
+5.9895 
+24.9986 
+0.0005 
+5.9886 
+49.9992 
-0.0003 
+5.9870 
+0.0005 
-24.9997 
+5.9915 
+50.0012 
-25.0018 
+5.9871 
+0.0010 
-49.9999 
+5.9875 
+24.9988 
-49.9985 
+5.9907 
+49.9988 
-49.9981 
+5.9933 
-0.0019 
-0.0027 
+5.9933 
+24.9983 
+0.0008 
+5.9941 
+49.9972 
+0.0009 
+5.9935 
-0.0008 
-24.9989 
+5.9954 
+50.0009 
-25.0005 
+5.9937 
+0.0001 
-49.9994 
+5.9916 
+24.9979 
-49.9987 
+5.9939 
+49.9977 
-49.9981 
+5.9969 
-0.0020 
+0.0007 
+5.9966 
+24.9986 
+0.0009 
+5.9967 
+49.9982 
+0.0014 
+5.9964 
-0.0014 
-24.9991 
+5.9982 
+50.0000 
-24.9998 
+5.9966 
-0.0012 
-49.9996 
+5.9958 
+24.9986 
-49.9990 
+5.9964 
+49.9987 
-49.9989 
+1.9960 
+13.9948 
-16.9973 
+1.9957 
+22.0021 
+0.0020 
+1.9961 
+0.0001 
+0.0001 
+1.9950 
+11.0009 
-0.0004 
+1.9959 
+22.0023 
+0.0004 
+1.9968 
+0.0002 
-8.0008 
+1.9966 
+11.0006 
-8.0009 
+1.9963 
+22.0021 
-8.0009 
+1.9986 
-0.0003 
-16.0011 
+1.9976 
+11.0002 
-16.0012 
+1.9980 
+22.0020 
-16.0022 
+1.9971 
+0.0004 
+0.0001 
+1.9966 
+11.0010 
-0.0002 
+1.9968 
+22.0021 
+0.0002 
+1.9981 
+0.0001 
-8.0006 
+1.9977 
+11.0009 
-8.0006 
+1.9976 
+22.0019 
-8.0008 
+1.9998 
+0.0000 
-16.0007 
+1.9988 
+11.0004 
-16.0011 
+1.9993 
+22.0017 
-16.0018 
+1.9983 
+0.0003 
+0.0000 
+1.9975 
+11.0008 
+0.0000 
+1.9978 
+22.0015 
+0.0005 
+1.9992 
+0.0000 
-8.0005 
+1.9994 
+11.0003 
-8.0005 
+1.9988 
+22.0013 
-8.0006 
+2.0005 
-0.0001 
-16.0003 
+1.9999 
+11.0002 
-16.0006 
+2.0004 
+22.0011 
-16.0012 
+5.9930 
+1.9979 
+22.0023 
+50.0012 
+0.0005 
+22.0023 
-16.0022 
